<?xml version="1.0" encoding="UTF-8"?>
<!-- Generated by org.testng.reporters.JUnitReportReporter -->
<testsuite name="com.Ebranch.TestCases.eBranch_homePageTest" tests="5" time="0.008" ignored="0" failures="0" timestamp="29 Aug 2021 15:18:27 GMT" skipped="5" hostname="RACLAP80-COMP" errors="0">
  <testcase name="verifyHamburgerMenu" time="0.004" classname="com.Ebranch.TestCases.eBranch_homePageTest">
    <skipped/>
  </testcase> <!-- verifyHamburgerMenu -->
  <testcase name="verifyGreetingMessage" time="0.000" classname="com.Ebranch.TestCases.eBranch_homePageTest">
    <skipped/>
  </testcase> <!-- verifyGreetingMessage -->
  <testcase name="verifyPNBMetLifeLogo" time="0.000" classname="com.Ebranch.TestCases.eBranch_homePageTest">
    <skipped/>
  </testcase> <!-- verifyPNBMetLifeLogo -->
  <testcase name="verifyCreateQuoteButton" time="0.004" classname="com.Ebranch.TestCases.eBranch_homePageTest">
    <skipped/>
  </testcase> <!-- verifyCreateQuoteButton -->
  <testcase name="verifyDashboardTitle" time="0.000" classname="com.Ebranch.TestCases.eBranch_homePageTest">
    <skipped/>
  </testcase> <!-- verifyDashboardTitle -->
</testsuite> <!-- com.Ebranch.TestCases.eBranch_homePageTest -->
